Tue Jul 18 11:07:45 CEST 2017 : Server di rete Apache Derby: 10.11.1.2 - (1629631) avviato e pronto ad accettare connessioni sulla porta 1527
----------------------------------------------------------------
Tue Jul 18 11:25:15 CEST 2017:
Avvio della versione di Derby The Apache Software Foundation - Apache Derby - 10.11.1.2 - (1629631): istanza a816c00e-015d-54f4-0759-00007121d5b2
sulla directory di database C:\Users\Davide\Documents\NetBeansProjects\Amm\AmmM1\web\WEB-INF\db\ammdb con caricatore classi sun.misc.Launcher$AppClassLoader@6f94fa3e 
Caricato da file:/C:/Program%20Files/Java/jdk1.8.0_121/db/lib/derby.jar
java.vendor=Oracle Corporation
java.runtime.version=1.8.0_121-b13
user.dir=C:\Program Files\Java\jdk1.8.0_121\db
os.name=Windows 7
os.arch=amd64
os.version=6.1
derby.system.home=C:\Users\Davide\Documents\NetBeansProjects\Amm\AmmM1\web\WEB-INF\db
Programma di caricamento classe database avviato - derby.database.classpath=''
----------------------------------------------------------------
Tue Jul 18 12:10:37 CEST 2017: arresto in corso del motore di Derby
----------------------------------------------------------------
Tue Jul 18 12:10:37 CEST 2017:
Arresto dell'istanza a816c00e-015d-54f4-0759-00007121d5b2 nella directory del database C:\Users\Davide\Documents\NetBeansProjects\Amm\AmmM1\web\WEB-INF\db\ammdb con il caricatore di classi sun.misc.Launcher$AppClassLoader@6f94fa3e 
----------------------------------------------------------------
